2025-03-09T20:16:14.852+0800	DEBUG	Viper: DataBase OK
2025-03-09T20:16:14.864+0800	DEBUG	Viper: DataBase OK
2025-03-09T20:16:14.864+0800	DEBUG	Redis OK
2025-03-09T20:16:15.043+0800	DEBUG	grpc server listening at 127.0.0.1:10003
2025-03-09T20:16:15.066+0800	DEBUG	Mysql OK
2025-03-09T20:16:15.143+0800	DEBUG	Elasticsearch Connected
2025-03-09T20:16:15.642+0800	DEBUG	Elasticsearch OK
2025-03-09T20:16:15.642+0800	DEBUG	Redis OK
2025-03-09T20:16:15.728+0800	DEBUG	Mysql OK
2025-03-09T20:16:15.730+0800	DEBUG	Elasticsearch Connected
2025-03-09T20:16:15.778+0800	DEBUG	Elasticsearch OK
2025-03-09T20:16:15.783+0800	DEBUG	grpc server listening at 127.0.0.1:10001
2025-03-09T20:16:18.873+0800	DEBUG	Viper: DataBase OK
2025-03-09T20:16:18.889+0800	DEBUG	Redis OK
2025-03-09T20:16:18.971+0800	DEBUG	Mysql OK
2025-03-09T20:16:18.980+0800	DEBUG	Elasticsearch Connected
2025-03-09T20:16:19.016+0800	DEBUG	Elasticsearch OK
2025-03-09T20:16:19.021+0800	DEBUG	grpc server listening at 127.0.0.1:10002
2025-03-09T20:16:24.111+0800	DEBUG	AuthClient: OK
2025-03-09T20:16:24.125+0800	DEBUG	Client: Document client OK
2025-03-09T20:16:24.126+0800	DEBUG	Client: User client OK
2025-03-09T20:16:32.591+0800	DEBUG	DAO: Login OK 
2025-03-09T20:16:32.591+0800	DEBUG	Service: User Success
2025-03-09T20:16:32.592+0800	DEBUG	API: login ok
2025-03-09T20:16:32.596+0800	DEBUG	API: rpc error: code = Unavailable desc = error reading from server: read tcp 127.0.0.1:60746->127.0.0.1:10003: wsarecv: An existing connection was forcibly closed by the remote host.
2025-03-09T20:23:49.679+0800	DEBUG	grpc server listening at 127.0.0.1:10003
2025-03-09T20:23:54.979+0800	DEBUG	DAO: Login OK 
2025-03-09T20:23:54.979+0800	DEBUG	Service: User Success
2025-03-09T20:23:54.979+0800	DEBUG	API: login ok
2025-03-09T20:25:15.086+0800	DEBUG	token signature is invalid: key is of invalid type: RSA verify expects *rsa.PublicKey
2025-03-09T20:25:52.385+0800	DEBUG	DAO: Login OK 
2025-03-09T20:25:52.385+0800	DEBUG	Service: User Success
2025-03-09T20:25:52.386+0800	DEBUG	API: login ok
2025-03-09T20:26:11.745+0800	DEBUG	token signature is invalid: key is of invalid type: RSA verify expects *rsa.PublicKey
2025-03-09T20:32:20.987+0800	DEBUG	AuthClient: OK
2025-03-09T20:32:21.010+0800	DEBUG	Client: Document client OK
2025-03-09T20:32:21.010+0800	DEBUG	Client: User client OK
2025-03-09T20:34:39.216+0800	DEBUG	AuthClient: OK
2025-03-09T20:34:39.229+0800	DEBUG	Client: Document client OK
2025-03-09T20:34:39.230+0800	DEBUG	Client: User client OK
2025-03-09T20:34:43.272+0800	DEBUG	解析token成功
2025-03-09T20:34:43.276+0800	DEBUG	BindError Mismatch type int64 with value string "at index 12: mismatched type with value\n\n\t{\r\n    \"id\":\"1\"\r\n}\n\t............^.....\n"
2025-03-09T20:35:04.192+0800	DEBUG	解析token成功
2025-03-09T20:35:04.206+0800	DEBUG	response generate ok
